Drill report for /home/sensi/Desktop/Sensi-Pot Prototypes/Environment_Controller_KiCad_THT/Environment_Controller_KiCad_THT.kicad_pcb
Created on Tue 14 Jan 2020 09:55:24 AM MST

Copper Layer Stackup:
    =============================================================
    L1 :  F.Cu                      front
    L2 :  B.Cu                      back


Drill file 'Environment_Controller_KiCad_THT-PTH.drl' contains
    plated through holes:
    =============================================================
    T1  0.40mm  0.016"  (26 holes)
    T2  0.70mm  0.028"  (10 holes)
    T3  0.80mm  0.031"  (69 holes)
    T4  0.85mm  0.033"  (4 holes)
    T5  0.90mm  0.035"  (34 holes)
    T6  1.00mm  0.039"  (38 holes)  (with 3 slots)
    T7  1.10mm  0.043"  (3 holes)
    T8  1.20mm  0.047"  (16 holes)

    Total plated holes count 200


Drill file 'Environment_Controller_KiCad_THT-NPTH.drl' contains
    unplated through holes:
    =============================================================
    T1  3.20mm  0.126"  (4 holes)

    Total unplated holes count 4
